
> backend@0.0.0 start /root/mysite/backend
> node ./bin/www

(node:63854) DeprecationWarning: current URL string parser is deprecated, and will be removed in a future version. To use the new parser, pass option { useNewUrlParser: true } to MongoClient.connect.
(node:63854) [MONGODB DRIVER] Warning: Current Server Discovery and Monitoring engine is deprecated, and will be removed in a future version. To use the new Server Discover and Monitoring engine, pass option { useUnifiedTopology: true } to the MongoClient constructor.
[0mGET / [36m304 [0m3.898 ms - -[0m
[0mGET /static/css/2.2a86faee.chunk.css [36m304 [0m0.915 ms - -[0m
[0mGET /static/css/main.043edd09.chunk.css [36m304 [0m0.419 ms - -[0m
[0mGET /static/js/2.ac2cee3e.chunk.js [36m304 [0m0.304 ms - -[0m
[0mGET /static/js/main.e00d5f0d.chunk.js [36m304 [0m1.255 ms - -[0m
[0mGET /resources/avatar.png [36m304 [0m0.379 ms - -[0m
[0mGET /logo.jpg [36m304 [0m0.449 ms - -[0m
eduInfo
workinfo
projectinfo
introInfo
sociallinks
[0mGET /logo.jpg [32m200 [0m3.757 ms - 12181[0m
[0mGET /manifest.json [36m304 [0m0.294 ms - -[0m
[0mGET /eduInfo/cardInfo [36m304 [0m110.807 ms - -[0m
[0mGET /logo192.png [36m304 [0m0.317 ms - -[0m
[0mGET /projectInfo/cardInfo [36m304 [0m531.585 ms - -[0m
[0mGET /workInfo/cardInfo [36m304 [0m555.839 ms - -[0m
[0mGET / [36m304 [0m0.414 ms - -[0m
[0mGET /introInfo/socialLinks [0m- [0m- ms - -[0m
[0mGET /introInfo [0m- [0m- ms - -[0m
[0mGET /static/css/2.2a86faee.chunk.css [36m304 [0m0.339 ms - -[0m
[0mGET /static/css/main.043edd09.chunk.css [36m304 [0m0.306 ms - -[0m
[0mGET /static/js/2.ac2cee3e.chunk.js [36m304 [0m0.304 ms - -[0m
[0mGET /static/js/main.e00d5f0d.chunk.js [36m304 [0m0.303 ms - -[0m
[0mGET /resources/avatar.png [36m304 [0m0.355 ms - -[0m
eduInfo
[0mGET /logo.jpg [36m304 [0m0.315 ms - -[0m
introInfo
sociallinks
[0mGET /eduInfo/cardInfo [36m304 [0m81.605 ms - -[0m
workinfo
projectinfo
[0mGET /logo.jpg [32m200 [0m0.657 ms - 12181[0m
[0mGET /manifest.json [36m304 [0m0.342 ms - -[0m
[0mGET /logo192.png [36m304 [0m0.332 ms - -[0m
[0mGET /introInfo [32m200 [0m572.663 ms - 722[0m
[0mGET /introInfo/socialLinks [32m200 [0m548.198 ms - 389[0m
[0mGET /projectInfo/cardInfo [36m304 [0m513.558 ms - -[0m
[0mGET /workInfo/cardInfo [36m304 [0m531.754 ms - -[0m
[0mGET / [36m304 [0m1.386 ms - -[0m
[0mGET /static/css/2.2a86faee.chunk.css [36m304 [0m0.561 ms - -[0m
[0mGET /static/css/main.043edd09.chunk.css [36m304 [0m0.422 ms - -[0m
[0mGET /static/js/2.ac2cee3e.chunk.js [36m304 [0m0.350 ms - -[0m
[0mGET /static/js/main.e00d5f0d.chunk.js [36m304 [0m1.977 ms - -[0m
[0mGET /resources/avatar.png [36m304 [0m0.372 ms - -[0m
[0mGET /logo.jpg [36m304 [0m0.378 ms - -[0m
eduInfo
workinfo
projectinfo
[0mGET /eduInfo/cardInfo [36m304 [0m69.816 ms - -[0m
introInfo
sociallinks
[0mGET /workInfo/cardInfo [36m304 [0m79.423 ms - -[0m
[0mGET /logo.jpg [32m200 [0m0.686 ms - 12181[0m
[0mGET /projectInfo/cardInfo [36m304 [0m83.660 ms - -[0m
[0mGET /introInfo [36m304 [0m82.680 ms - -[0m
[0mGET /manifest.json [36m304 [0m0.500 ms - -[0m
[0mGET /introInfo/socialLinks [36m304 [0m67.112 ms - -[0m
[0mGET /logo192.png [36m304 [0m0.348 ms - -[0m
[0mGET / [36m304 [0m5.417 ms - -[0m
[0mGET /static/css/2.2a86faee.chunk.css [36m304 [0m0.430 ms - -[0m
[0mGET /static/css/main.043edd09.chunk.css [36m304 [0m0.367 ms - -[0m
[0mGET /static/js/2.ac2cee3e.chunk.js [36m304 [0m0.343 ms - -[0m
[0mGET /static/js/main.e00d5f0d.chunk.js [36m304 [0m0.389 ms - -[0m
[0mGET /resources/avatar.png [36m304 [0m0.380 ms - -[0m
[0mGET /logo.jpg [36m304 [0m0.371 ms - -[0m
eduInfo
workinfo
projectinfo
introInfo
[0mGET /eduInfo/cardInfo [36m304 [0m74.280 ms - -[0m
sociallinks
[0mGET /manifest.json [36m304 [0m0.599 ms - -[0m
[0mGET /workInfo/cardInfo [36m304 [0m83.102 ms - -[0m
[0mGET /projectInfo/cardInfo [36m304 [0m67.539 ms - -[0m
[0mGET /logo.jpg [32m200 [0m0.710 ms - 12181[0m
[0mGET /logo192.png [36m304 [0m5.805 ms - -[0m
[0mGET /introInfo [36m304 [0m84.089 ms - -[0m
[0mGET /introInfo/socialLinks [36m304 [0m72.759 ms - -[0m
[0mGET / [36m304 [0m0.677 ms - -[0m
[0mGET /static/css/2.2a86faee.chunk.css [36m304 [0m0.509 ms - -[0m
[0mGET /static/css/main.043edd09.chunk.css [36m304 [0m0.339 ms - -[0m
[0mGET /static/js/2.ac2cee3e.chunk.js [36m304 [0m0.333 ms - -[0m
[0mGET /static/js/main.e00d5f0d.chunk.js [36m304 [0m0.337 ms - -[0m
[0mGET /resources/avatar.png [36m304 [0m0.357 ms - -[0m
[0mGET /logo.jpg [36m304 [0m0.365 ms - -[0m
eduInfo
workinfo
projectinfo
[0mGET /eduInfo/cardInfo [36m304 [0m85.179 ms - -[0m
introInfo
sociallinks
[0mGET /logo.jpg [32m200 [0m0.560 ms - 12181[0m
[0mGET /workInfo/cardInfo [36m304 [0m83.398 ms - -[0m
[0mGET /manifest.json [36m304 [0m0.304 ms - -[0m
[0mGET /projectInfo/cardInfo [36m304 [0m71.846 ms - -[0m
[0mGET /introInfo [32m200 [0m67.002 ms - 713[0m
[0mGET /logo192.png [36m304 [0m0.298 ms - -[0m
[0mGET /introInfo/socialLinks [36m304 [0m83.813 ms - -[0m
[0mGET /manifest.json [32m200 [0m1.406 ms - 492[0m
[0mGET /logo192.png [36m304 [0m0.534 ms - -[0m
[0mGET / [36m304 [0m0.490 ms - -[0m
[0mGET /static/css/2.2a86faee.chunk.css [36m304 [0m0.432 ms - -[0m
[0mGET /static/css/main.043edd09.chunk.css [36m304 [0m0.345 ms - -[0m
[0mGET /static/js/2.ac2cee3e.chunk.js [36m304 [0m0.349 ms - -[0m
[0mGET /static/js/main.e00d5f0d.chunk.js [36m304 [0m0.318 ms - -[0m
[0mGET /resources/avatar.png [36m304 [0m0.606 ms - -[0m
[0mGET /logo.jpg [36m304 [0m0.352 ms - -[0m
eduInfo
workinfo
projectinfo
introInfo
[0mGET /eduInfo/cardInfo [36m304 [0m84.854 ms - -[0m
sociallinks
[0mGET /manifest.json [36m304 [0m0.299 ms - -[0m
[0mGET /workInfo/cardInfo [36m304 [0m83.674 ms - -[0m
[0mGET /projectInfo/cardInfo [36m304 [0m72.612 ms - -[0m
[0mGET /introInfo [36m304 [0m66.458 ms - -[0m
[0mGET /logo192.png [36m304 [0m0.338 ms - -[0m
[0mGET /introInfo/socialLinks [36m304 [0m83.143 ms - -[0m
[0mGET /manifest.json [36m304 [0m0.593 ms - -[0m
[0mGET /logo192.png [36m304 [0m0.487 ms - -[0m
[0mGET /manifest.json [36m304 [0m0.470 ms - -[0m
[0mGET /logo192.png [36m304 [0m0.449 ms - -[0m
[0mGET /manifest.json [36m304 [0m0.448 ms - -[0m
[0mGET /logo192.png [36m304 [0m0.375 ms - -[0m
[0mGET /manifest.json [36m304 [0m0.452 ms - -[0m
[0mGET /logo192.png [36m304 [0m0.333 ms - -[0m
[0mGET /manifest.json [36m304 [0m0.699 ms - -[0m
[0mGET /logo192.png [36m304 [0m0.407 ms - -[0m
[0mGET / [36m304 [0m0.596 ms - -[0m
[0mGET /static/css/2.2a86faee.chunk.css [36m304 [0m0.430 ms - -[0m
[0mGET /static/css/main.043edd09.chunk.css [36m304 [0m0.381 ms - -[0m
[0mGET /static/js/2.ac2cee3e.chunk.js [36m304 [0m0.375 ms - -[0m
[0mGET /static/js/main.e00d5f0d.chunk.js [36m304 [0m0.443 ms - -[0m
[0mGET /resources/avatar.png [36m304 [0m2.068 ms - -[0m
[0mGET /logo.jpg [36m304 [0m0.442 ms - -[0m
eduInfo
workinfo
projectinfo
introInfo
[0mGET /eduInfo/cardInfo [36m304 [0m71.170 ms - -[0m
sociallinks
[0mGET /workInfo/cardInfo [36m304 [0m85.200 ms - -[0m
[0mGET /manifest.json [36m304 [0m2.317 ms - -[0m
[0mGET /projectInfo/cardInfo [36m304 [0m83.726 ms - -[0m
[0mGET /introInfo [36m304 [0m71.932 ms - -[0m
[0mGET /introInfo/socialLinks [36m304 [0m67.217 ms - -[0m
[0mGET /logo192.png [36m304 [0m0.424 ms - -[0m
[0mGET /manifest.json [36m304 [0m1.043 ms - -[0m
[0mGET /logo192.png [36m304 [0m0.405 ms - -[0m
[0mGET / [32m200 [0m1.402 ms - 2406[0m
[0mGET / [32m200 [0m1.181 ms - 2406[0m
[0mGET http://azenv.net/ [32m200 [0m1.366 ms - 2406[0m
[0mGET / [32m200 [0m1.178 ms - 2406[0m
[0mGET / [32m200 [0m0.586 ms - 2406[0m
[0mGET http://azenv.net/ [32m200 [0m1.555 ms - 2406[0m
